The system is: Linux - 3.14.15-1-MANJARO - x86_64
Compiling the C compiler identification source file "CMakeCCompilerId.c" succeeded.
Compiler: /usr/bin/cc 
Build flags: 
Id flags: 

The output was:
0


Compilation of the C compiler identification source "CMakeCCompilerId.c" produced "a.out"

The C compiler identification is GNU, found in "/home/manu343726/Dropbox/PROYECTOS/C_C++/Turbo/CMakeFiles/3.0.1/CompilerIdC/a.out"

Compiling the CXX compiler identification source file "CMakeCXXCompilerId.cpp" succeeded.
Compiler: /usr/bin/clang++ 
Build flags: 
Id flags: 

The output was:
0


Compilation of the CXX compiler identification source "CMakeCXXCompilerId.cpp" produced "a.out"

The CXX compiler identification is Clang, found in "/home/manu343726/Dropbox/PROYECTOS/C_C++/Turbo/CMakeFiles/3.0.1/CompilerIdCXX/a.out"

Determining if the C compiler works passed with the following output:
Change Dir: /home/manu343726/Dropbox/PROYECTOS/C_C++/Turbo/CMakeFiles/CMakeTmp

Run Build Command:"/usr/bin/make" "cmTryCompileExec81024489/fast"
/usr/bin/make -f CMakeFiles/cmTryCompileExec81024489.dir/build.make CMakeFiles/cmTryCompileExec81024489.dir/build
make[1]: Entering directory '/home/manu343726/Dropbox/PROYECTOS/C_C++/Turbo/CMakeFiles/CMakeTmp'
/usr/bin/cmake -E cmake_progress_report /home/manu343726/Dropbox/PROYECTOS/C_C++/Turbo/CMakeFiles/CMakeTmp/CMakeFiles 1
Building C object CMakeFiles/cmTryCompileExec81024489.dir/testCCompiler.c.o
/usr/bin/cc    -o CMakeFiles/cmTryCompileExec81024489.dir/testCCompiler.c.o   -c /home/manu343726/Dropbox/PROYECTOS/C_C++/Turbo/CMakeFiles/CMakeTmp/testCCompiler.c
Linking C executable cmTryCompileExec81024489
/usr/bin/cmake -E cmake_link_script CMakeFiles/cmTryCompileExec81024489.dir/link.txt --verbose=1
/usr/bin/cc       CMakeFiles/cmTryCompileExec81024489.dir/testCCompiler.c.o  -o cmTryCompileExec81024489 -rdynamic 
make[1]: Leaving directory '/home/manu343726/Dropbox/PROYECTOS/C_C++/Turbo/CMakeFiles/CMakeTmp'


Detecting C compiler ABI info compiled with the following output:
Change Dir: /home/manu343726/Dropbox/PROYECTOS/C_C++/Turbo/CMakeFiles/CMakeTmp

Run Build Command:"/usr/bin/make" "cmTryCompileExec3990921925/fast"
/usr/bin/make -f CMakeFiles/cmTryCompileExec3990921925.dir/build.make CMakeFiles/cmTryCompileExec3990921925.dir/build
make[1]: Entering directory '/home/manu343726/Dropbox/PROYECTOS/C_C++/Turbo/CMakeFiles/CMakeTmp'
/usr/bin/cmake -E cmake_progress_report /home/manu343726/Dropbox/PROYECTOS/C_C++/Turbo/CMakeFiles/CMakeTmp/CMakeFiles 1
Building C object CMakeFiles/cmTryCompileExec3990921925.dir/CMakeCCompilerABI.c.o
/usr/bin/cc    -o CMakeFiles/cmTryCompileExec3990921925.dir/CMakeCCompilerABI.c.o   -c /usr/share/cmake-3.0/Modules/CMakeCCompilerABI.c
Linking C executable cmTryCompileExec3990921925
/usr/bin/cmake -E cmake_link_script CMakeFiles/cmTryCompileExec3990921925.dir/link.txt --verbose=1
/usr/bin/cc     -v CMakeFiles/cmTryCompileExec3990921925.dir/CMakeCCompilerABI.c.o  -o cmTryCompileExec3990921925 -rdynamic  
Usando especificaciones internas.
COLLECT_GCC=/usr/bin/cc
COLLECT_LTO_WRAPPER=/usr/lib/gcc/x86_64-unknown-linux-gnu/4.9.1/lto-wrapper
Objetivo: x86_64-unknown-linux-gnu
Configurado con: /build/gcc/src/gcc-4.9.1/configure --prefix=/usr --libdir=/usr/lib --libexecdir=/usr/lib --mandir=/usr/share/man --infodir=/usr/share/info --with-bugurl=https://bugs.archlinux.org/ --enable-languages=c,c++,ada,fortran,go,lto,objc,obj-c++ --enable-shared --enable-threads=posix --with-system-zlib --enable-__cxa_atexit --disable-libunwind-exceptions --enable-clocale=gnu --disable-libstdcxx-pch --disable-libssp --enable-gnu-unique-object --enable-linker-build-id --enable-cloog-backend=isl --disable-isl-version-check --disable-cloog-version-check --enable-lto --enable-plugin --enable-install-libiberty --with-linker-hash-style=gnu --disable-multilib --disable-werror --enable-checking=release
Modelo de hilos: posix
gcc versión 4.9.1 (GCC) 
COMPILER_PATH=/usr/lib/gcc/x86_64-unknown-linux-gnu/4.9.1/:/usr/lib/gcc/x86_64-unknown-linux-gnu/4.9.1/:/usr/lib/gcc/x86_64-unknown-linux-gnu/:/usr/lib/gcc/x86_64-unknown-linux-gnu/4.9.1/:/usr/lib/gcc/x86_64-unknown-linux-gnu/
LIBRARY_PATH=/usr/lib/gcc/x86_64-unknown-linux-gnu/4.9.1/:/usr/lib/gcc/x86_64-unknown-linux-gnu/4.9.1/../../../../lib/:/lib/../lib/:/usr/lib/../lib/:/usr/lib/gcc/x86_64-unknown-linux-gnu/4.9.1/../../../:/lib/:/usr/lib/
COLLECT_GCC_OPTIONS='-v' '-o' 'cmTryCompileExec3990921925' '-rdynamic' '-mtune=generic' '-march=x86-64'
 /usr/lib/gcc/x86_64-unknown-linux-gnu/4.9.1/collect2 -plugin /usr/lib/gcc/x86_64-unknown-linux-gnu/4.9.1/liblto_plugin.so -plugin-opt=/usr/lib/gcc/x86_64-unknown-linux-gnu/4.9.1/lto-wrapper -plugin-opt=-fresolution=/tmp/cc8mMIEA.res -plugin-opt=-pass-through=-lgcc -plugin-opt=-pass-through=-lgcc_s -plugin-opt=-pass-through=-lc -plugin-opt=-pass-through=-lgcc -plugin-opt=-pass-through=-lgcc_s --build-id --eh-frame-hdr --hash-style=gnu -m elf_x86_64 -export-dynamic -dynamic-linker /lib64/ld-linux-x86-64.so.2 -o cmTryCompileExec3990921925 /usr/lib/gcc/x86_64-unknown-linux-gnu/4.9.1/../../../../lib/crt1.o /usr/lib/gcc/x86_64-unknown-linux-gnu/4.9.1/../../../../lib/crti.o /usr/lib/gcc/x86_64-unknown-linux-gnu/4.9.1/crtbegin.o -L/usr/lib/gcc/x86_64-unknown-linux-gnu/4.9.1 -L/usr/lib/gcc/x86_64-unknown-linux-gnu/4.9.1/../../../../lib -L/lib/../lib -L/usr/lib/../lib -L/usr/lib/gcc/x86_64-unknown-linux-gnu/4.9.1/../../.. CMakeFiles/cmTryCompileExec3990921925.dir/CMakeCCompilerABI.c.o -lgcc --as-needed -lgcc_s --no-as-needed -lc -lgcc --as-needed -lgcc_s --no-as-needed /usr/lib/gcc/x86_64-unknown-linux-gnu/4.9.1/crtend.o /usr/lib/gcc/x86_64-unknown-linux-gnu/4.9.1/../../../../lib/crtn.o
make[1]: Leaving directory '/home/manu343726/Dropbox/PROYECTOS/C_C++/Turbo/CMakeFiles/CMakeTmp'


Parsed C implicit link information from above output:
  link line regex: [^( *|.*[/\])(ld|([^/\]+-)?ld|collect2)[^/\]*( |$)]
  ignore line: [Change Dir: /home/manu343726/Dropbox/PROYECTOS/C_C++/Turbo/CMakeFiles/CMakeTmp]
  ignore line: []
  ignore line: [Run Build Command:"/usr/bin/make" "cmTryCompileExec3990921925/fast"]
  ignore line: [/usr/bin/make -f CMakeFiles/cmTryCompileExec3990921925.dir/build.make CMakeFiles/cmTryCompileExec3990921925.dir/build]
  ignore line: [make[1]: Entering directory '/home/manu343726/Dropbox/PROYECTOS/C_C++/Turbo/CMakeFiles/CMakeTmp']
  ignore line: [/usr/bin/cmake -E cmake_progress_report /home/manu343726/Dropbox/PROYECTOS/C_C++/Turbo/CMakeFiles/CMakeTmp/CMakeFiles 1]
  ignore line: [Building C object CMakeFiles/cmTryCompileExec3990921925.dir/CMakeCCompilerABI.c.o]
  ignore line: [/usr/bin/cc    -o CMakeFiles/cmTryCompileExec3990921925.dir/CMakeCCompilerABI.c.o   -c /usr/share/cmake-3.0/Modules/CMakeCCompilerABI.c]
  ignore line: [Linking C executable cmTryCompileExec3990921925]
  ignore line: [/usr/bin/cmake -E cmake_link_script CMakeFiles/cmTryCompileExec3990921925.dir/link.txt --verbose=1]
  ignore line: [/usr/bin/cc     -v CMakeFiles/cmTryCompileExec3990921925.dir/CMakeCCompilerABI.c.o  -o cmTryCompileExec3990921925 -rdynamic  ]
  ignore line: [Usando especificaciones internas.]
  ignore line: [COLLECT_GCC=/usr/bin/cc]
  ignore line: [COLLECT_LTO_WRAPPER=/usr/lib/gcc/x86_64-unknown-linux-gnu/4.9.1/lto-wrapper]
  ignore line: [Objetivo: x86_64-unknown-linux-gnu]
  ignore line: [Configurado con: /build/gcc/src/gcc-4.9.1/configure --prefix=/usr --libdir=/usr/lib --libexecdir=/usr/lib --mandir=/usr/share/man --infodir=/usr/share/info --with-bugurl=https://bugs.archlinux.org/ --enable-languages=c,c++,ada,fortran,go,lto,objc,obj-c++ --enable-shared --enable-threads=posix --with-system-zlib --enable-__cxa_atexit --disable-libunwind-exceptions --enable-clocale=gnu --disable-libstdcxx-pch --disable-libssp --enable-gnu-unique-object --enable-linker-build-id --enable-cloog-backend=isl --disable-isl-version-check --disable-cloog-version-check --enable-lto --enable-plugin --enable-install-libiberty --with-linker-hash-style=gnu --disable-multilib --disable-werror --enable-checking=release]
  ignore line: [Modelo de hilos: posix]
  ignore line: [gcc versión 4.9.1 (GCC) ]
  ignore line: [COMPILER_PATH=/usr/lib/gcc/x86_64-unknown-linux-gnu/4.9.1/:/usr/lib/gcc/x86_64-unknown-linux-gnu/4.9.1/:/usr/lib/gcc/x86_64-unknown-linux-gnu/:/usr/lib/gcc/x86_64-unknown-linux-gnu/4.9.1/:/usr/lib/gcc/x86_64-unknown-linux-gnu/]
  ignore line: [LIBRARY_PATH=/usr/lib/gcc/x86_64-unknown-linux-gnu/4.9.1/:/usr/lib/gcc/x86_64-unknown-linux-gnu/4.9.1/../../../../lib/:/lib/../lib/:/usr/lib/../lib/:/usr/lib/gcc/x86_64-unknown-linux-gnu/4.9.1/../../../:/lib/:/usr/lib/]
  ignore line: [COLLECT_GCC_OPTIONS='-v' '-o' 'cmTryCompileExec3990921925' '-rdynamic' '-mtune=generic' '-march=x86-64']
  link line: [ /usr/lib/gcc/x86_64-unknown-linux-gnu/4.9.1/collect2 -plugin /usr/lib/gcc/x86_64-unknown-linux-gnu/4.9.1/liblto_plugin.so -plugin-opt=/usr/lib/gcc/x86_64-unknown-linux-gnu/4.9.1/lto-wrapper -plugin-opt=-fresolution=/tmp/cc8mMIEA.res -plugin-opt=-pass-through=-lgcc -plugin-opt=-pass-through=-lgcc_s -plugin-opt=-pass-through=-lc -plugin-opt=-pass-through=-lgcc -plugin-opt=-pass-through=-lgcc_s --build-id --eh-frame-hdr --hash-style=gnu -m elf_x86_64 -export-dynamic -dynamic-linker /lib64/ld-linux-x86-64.so.2 -o cmTryCompileExec3990921925 /usr/lib/gcc/x86_64-unknown-linux-gnu/4.9.1/../../../../lib/crt1.o /usr/lib/gcc/x86_64-unknown-linux-gnu/4.9.1/../../../../lib/crti.o /usr/lib/gcc/x86_64-unknown-linux-gnu/4.9.1/crtbegin.o -L/usr/lib/gcc/x86_64-unknown-linux-gnu/4.9.1 -L/usr/lib/gcc/x86_64-unknown-linux-gnu/4.9.1/../../../../lib -L/lib/../lib -L/usr/lib/../lib -L/usr/lib/gcc/x86_64-unknown-linux-gnu/4.9.1/../../.. CMakeFiles/cmTryCompileExec3990921925.dir/CMakeCCompilerABI.c.o -lgcc --as-needed -lgcc_s --no-as-needed -lc -lgcc --as-needed -lgcc_s --no-as-needed /usr/lib/gcc/x86_64-unknown-linux-gnu/4.9.1/crtend.o /usr/lib/gcc/x86_64-unknown-linux-gnu/4.9.1/../../../../lib/crtn.o]
    arg [/usr/lib/gcc/x86_64-unknown-linux-gnu/4.9.1/collect2] ==> ignore
    arg [-plugin] ==> ignore
    arg [/usr/lib/gcc/x86_64-unknown-linux-gnu/4.9.1/liblto_plugin.so] ==> ignore
    arg [-plugin-opt=/usr/lib/gcc/x86_64-unknown-linux-gnu/4.9.1/lto-wrapper] ==> ignore
    arg [-plugin-opt=-fresolution=/tmp/cc8mMIEA.res] ==> ignore
    arg [-plugin-opt=-pass-through=-lgcc] ==> ignore
    arg [-plugin-opt=-pass-through=-lgcc_s] ==> ignore
    arg [-plugin-opt=-pass-through=-lc] ==> ignore
    arg [-plugin-opt=-pass-through=-lgcc] ==> ignore
    arg [-plugin-opt=-pass-through=-lgcc_s] ==> ignore
    arg [--build-id] ==> ignore
    arg [--eh-frame-hdr] ==> ignore
    arg [--hash-style=gnu] ==> ignore
    arg [-m] ==> ignore
    arg [elf_x86_64] ==> ignore
    arg [-export-dynamic] ==> ignore
    arg [-dynamic-linker] ==> ignore
    arg [/lib64/ld-linux-x86-64.so.2] ==> ignore
    arg [-o] ==> ignore
    arg [cmTryCompileExec3990921925] ==> ignore
    arg [/usr/lib/gcc/x86_64-unknown-linux-gnu/4.9.1/../../../../lib/crt1.o] ==> ignore
    arg [/usr/lib/gcc/x86_64-unknown-linux-gnu/4.9.1/../../../../lib/crti.o] ==> ignore
    arg [/usr/lib/gcc/x86_64-unknown-linux-gnu/4.9.1/crtbegin.o] ==> ignore
    arg [-L/usr/lib/gcc/x86_64-unknown-linux-gnu/4.9.1] ==> dir [/usr/lib/gcc/x86_64-unknown-linux-gnu/4.9.1]
    arg [-L/usr/lib/gcc/x86_64-unknown-linux-gnu/4.9.1/../../../../lib] ==> dir [/usr/lib/gcc/x86_64-unknown-linux-gnu/4.9.1/../../../../lib]
    arg [-L/lib/../lib] ==> dir [/lib/../lib]
    arg [-L/usr/lib/../lib] ==> dir [/usr/lib/../lib]
    arg [-L/usr/lib/gcc/x86_64-unknown-linux-gnu/4.9.1/../../..] ==> dir [/usr/lib/gcc/x86_64-unknown-linux-gnu/4.9.1/../../..]
    arg [CMakeFiles/cmTryCompileExec3990921925.dir/CMakeCCompilerABI.c.o] ==> ignore
    arg [-lgcc] ==> lib [gcc]
    arg [--as-needed] ==> ignore
    arg [-lgcc_s] ==> lib [gcc_s]
    arg [--no-as-needed] ==> ignore
    arg [-lc] ==> lib [c]
    arg [-lgcc] ==> lib [gcc]
    arg [--as-needed] ==> ignore
    arg [-lgcc_s] ==> lib [gcc_s]
    arg [--no-as-needed] ==> ignore
    arg [/usr/lib/gcc/x86_64-unknown-linux-gnu/4.9.1/crtend.o] ==> ignore
    arg [/usr/lib/gcc/x86_64-unknown-linux-gnu/4.9.1/../../../../lib/crtn.o] ==> ignore
  remove lib [gcc]
  remove lib [gcc_s]
  remove lib [gcc]
  remove lib [gcc_s]
  collapse library dir [/usr/lib/gcc/x86_64-unknown-linux-gnu/4.9.1] ==> [/usr/lib/gcc/x86_64-unknown-linux-gnu/4.9.1]
  collapse library dir [/usr/lib/gcc/x86_64-unknown-linux-gnu/4.9.1/../../../../lib] ==> [/usr/lib]
  collapse library dir [/lib/../lib] ==> [/lib]
  collapse library dir [/usr/lib/../lib] ==> [/usr/lib]
  collapse library dir [/usr/lib/gcc/x86_64-unknown-linux-gnu/4.9.1/../../..] ==> [/usr/lib]
  implicit libs: [c]
  implicit dirs: [/usr/lib/gcc/x86_64-unknown-linux-gnu/4.9.1;/usr/lib;/lib]
  implicit fwks: []


Determining if the CXX compiler works passed with the following output:
Change Dir: /home/manu343726/Dropbox/PROYECTOS/C_C++/Turbo/CMakeFiles/CMakeTmp

Run Build Command:"/usr/bin/make" "cmTryCompileExec2774129227/fast"
/usr/bin/make -f CMakeFiles/cmTryCompileExec2774129227.dir/build.make CMakeFiles/cmTryCompileExec2774129227.dir/build
make[1]: Entering directory '/home/manu343726/Dropbox/PROYECTOS/C_C++/Turbo/CMakeFiles/CMakeTmp'
/usr/bin/cmake -E cmake_progress_report /home/manu343726/Dropbox/PROYECTOS/C_C++/Turbo/CMakeFiles/CMakeTmp/CMakeFiles 1
Building CXX object CMakeFiles/cmTryCompileExec2774129227.dir/testCXXCompiler.cxx.o
/usr/bin/clang++     -o CMakeFiles/cmTryCompileExec2774129227.dir/testCXXCompiler.cxx.o -c /home/manu343726/Dropbox/PROYECTOS/C_C++/Turbo/CMakeFiles/CMakeTmp/testCXXCompiler.cxx
Linking CXX executable cmTryCompileExec2774129227
/usr/bin/cmake -E cmake_link_script CMakeFiles/cmTryCompileExec2774129227.dir/link.txt --verbose=1
/usr/bin/clang++        CMakeFiles/cmTryCompileExec2774129227.dir/testCXXCompiler.cxx.o  -o cmTryCompileExec2774129227 -rdynamic 
make[1]: Leaving directory '/home/manu343726/Dropbox/PROYECTOS/C_C++/Turbo/CMakeFiles/CMakeTmp'


Detecting CXX compiler ABI info compiled with the following output:
Change Dir: /home/manu343726/Dropbox/PROYECTOS/C_C++/Turbo/CMakeFiles/CMakeTmp

Run Build Command:"/usr/bin/make" "cmTryCompileExec3256882179/fast"
/usr/bin/make -f CMakeFiles/cmTryCompileExec3256882179.dir/build.make CMakeFiles/cmTryCompileExec3256882179.dir/build
make[1]: Entering directory '/home/manu343726/Dropbox/PROYECTOS/C_C++/Turbo/CMakeFiles/CMakeTmp'
/usr/bin/cmake -E cmake_progress_report /home/manu343726/Dropbox/PROYECTOS/C_C++/Turbo/CMakeFiles/CMakeTmp/CMakeFiles 1
Building CXX object CMakeFiles/cmTryCompileExec3256882179.dir/CMakeCXXCompilerABI.cpp.o
/usr/bin/clang++     -o CMakeFiles/cmTryCompileExec3256882179.dir/CMakeCXXCompilerABI.cpp.o -c /usr/share/cmake-3.0/Modules/CMakeCXXCompilerABI.cpp
Linking CXX executable cmTryCompileExec3256882179
/usr/bin/cmake -E cmake_link_script CMakeFiles/cmTryCompileExec3256882179.dir/link.txt --verbose=1
/usr/bin/clang++      -v CMakeFiles/cmTryCompileExec3256882179.dir/CMakeCXXCompilerABI.cpp.o  -o cmTryCompileExec3256882179 -rdynamic  
clang version 3.4.2 (tags/RELEASE_34/dot2-final)
Target: x86_64-unknown-linux-gnu
Thread model: posix
Found candidate GCC installation: /usr/bin/../lib/gcc/x86_64-unknown-linux-gnu/4.9.1
Found candidate GCC installation: /usr/bin/../lib64/gcc/x86_64-unknown-linux-gnu/4.9.1
Found candidate GCC installation: /usr/lib/gcc/x86_64-unknown-linux-gnu/4.9.1
Found candidate GCC installation: /usr/lib64/gcc/x86_64-unknown-linux-gnu/4.9.1
Selected GCC installation: /usr/bin/../lib64/gcc/x86_64-unknown-linux-gnu/4.9.1
 "/usr/bin/ld.gold" -export-dynamic --eh-frame-hdr -m elf_x86_64 -dynamic-linker /lib64/ld-linux-x86-64.so.2 -o cmTryCompileExec3256882179 /usr/bin/../lib64/gcc/x86_64-unknown-linux-gnu/4.9.1/../../../../lib64/crt1.o /usr/bin/../lib64/gcc/x86_64-unknown-linux-gnu/4.9.1/../../../../lib64/crti.o /usr/bin/../lib64/gcc/x86_64-unknown-linux-gnu/4.9.1/crtbegin.o -L/usr/bin/../lib64/gcc/x86_64-unknown-linux-gnu/4.9.1 -L/usr/bin/../lib64/gcc/x86_64-unknown-linux-gnu/4.9.1/../../../../lib64 -L/lib/../lib64 -L/usr/lib/../lib64 -L/usr/bin/../lib64/gcc/x86_64-unknown-linux-gnu/4.9.1/../../.. -L/lib -L/usr/lib CMakeFiles/cmTryCompileExec3256882179.dir/CMakeCXXCompilerABI.cpp.o -lstdc++ -lm -lgcc_s -lgcc -lc -lgcc_s -lgcc /usr/bin/../lib64/gcc/x86_64-unknown-linux-gnu/4.9.1/crtend.o /usr/bin/../lib64/gcc/x86_64-unknown-linux-gnu/4.9.1/../../../../lib64/crtn.o
make[1]: Leaving directory '/home/manu343726/Dropbox/PROYECTOS/C_C++/Turbo/CMakeFiles/CMakeTmp'


Parsed CXX implicit link information from above output:
  link line regex: [^( *|.*[/\])(ld|([^/\]+-)?ld|collect2)[^/\]*( |$)]
  ignore line: [Change Dir: /home/manu343726/Dropbox/PROYECTOS/C_C++/Turbo/CMakeFiles/CMakeTmp]
  ignore line: []
  ignore line: [Run Build Command:"/usr/bin/make" "cmTryCompileExec3256882179/fast"]
  ignore line: [/usr/bin/make -f CMakeFiles/cmTryCompileExec3256882179.dir/build.make CMakeFiles/cmTryCompileExec3256882179.dir/build]
  ignore line: [make[1]: Entering directory '/home/manu343726/Dropbox/PROYECTOS/C_C++/Turbo/CMakeFiles/CMakeTmp']
  ignore line: [/usr/bin/cmake -E cmake_progress_report /home/manu343726/Dropbox/PROYECTOS/C_C++/Turbo/CMakeFiles/CMakeTmp/CMakeFiles 1]
  ignore line: [Building CXX object CMakeFiles/cmTryCompileExec3256882179.dir/CMakeCXXCompilerABI.cpp.o]
  ignore line: [/usr/bin/clang++     -o CMakeFiles/cmTryCompileExec3256882179.dir/CMakeCXXCompilerABI.cpp.o -c /usr/share/cmake-3.0/Modules/CMakeCXXCompilerABI.cpp]
  ignore line: [Linking CXX executable cmTryCompileExec3256882179]
  ignore line: [/usr/bin/cmake -E cmake_link_script CMakeFiles/cmTryCompileExec3256882179.dir/link.txt --verbose=1]
  ignore line: [/usr/bin/clang++      -v CMakeFiles/cmTryCompileExec3256882179.dir/CMakeCXXCompilerABI.cpp.o  -o cmTryCompileExec3256882179 -rdynamic  ]
  ignore line: [clang version 3.4.2 (tags/RELEASE_34/dot2-final)]
  ignore line: [Target: x86_64-unknown-linux-gnu]
  ignore line: [Thread model: posix]
  ignore line: [Found candidate GCC installation: /usr/bin/../lib/gcc/x86_64-unknown-linux-gnu/4.9.1]
  ignore line: [Found candidate GCC installation: /usr/bin/../lib64/gcc/x86_64-unknown-linux-gnu/4.9.1]
  ignore line: [Found candidate GCC installation: /usr/lib/gcc/x86_64-unknown-linux-gnu/4.9.1]
  ignore line: [Found candidate GCC installation: /usr/lib64/gcc/x86_64-unknown-linux-gnu/4.9.1]
  ignore line: [Selected GCC installation: /usr/bin/../lib64/gcc/x86_64-unknown-linux-gnu/4.9.1]
  link line: [ "/usr/bin/ld.gold" -export-dynamic --eh-frame-hdr -m elf_x86_64 -dynamic-linker /lib64/ld-linux-x86-64.so.2 -o cmTryCompileExec3256882179 /usr/bin/../lib64/gcc/x86_64-unknown-linux-gnu/4.9.1/../../../../lib64/crt1.o /usr/bin/../lib64/gcc/x86_64-unknown-linux-gnu/4.9.1/../../../../lib64/crti.o /usr/bin/../lib64/gcc/x86_64-unknown-linux-gnu/4.9.1/crtbegin.o -L/usr/bin/../lib64/gcc/x86_64-unknown-linux-gnu/4.9.1 -L/usr/bin/../lib64/gcc/x86_64-unknown-linux-gnu/4.9.1/../../../../lib64 -L/lib/../lib64 -L/usr/lib/../lib64 -L/usr/bin/../lib64/gcc/x86_64-unknown-linux-gnu/4.9.1/../../.. -L/lib -L/usr/lib CMakeFiles/cmTryCompileExec3256882179.dir/CMakeCXXCompilerABI.cpp.o -lstdc++ -lm -lgcc_s -lgcc -lc -lgcc_s -lgcc /usr/bin/../lib64/gcc/x86_64-unknown-linux-gnu/4.9.1/crtend.o /usr/bin/../lib64/gcc/x86_64-unknown-linux-gnu/4.9.1/../../../../lib64/crtn.o]
    arg [/usr/bin/ld.gold] ==> ignore
    arg [-export-dynamic] ==> ignore
    arg [--eh-frame-hdr] ==> ignore
    arg [-m] ==> ignore
    arg [elf_x86_64] ==> ignore
    arg [-dynamic-linker] ==> ignore
    arg [/lib64/ld-linux-x86-64.so.2] ==> ignore
    arg [-o] ==> ignore
    arg [cmTryCompileExec3256882179] ==> ignore
    arg [/usr/bin/../lib64/gcc/x86_64-unknown-linux-gnu/4.9.1/../../../../lib64/crt1.o] ==> ignore
    arg [/usr/bin/../lib64/gcc/x86_64-unknown-linux-gnu/4.9.1/../../../../lib64/crti.o] ==> ignore
    arg [/usr/bin/../lib64/gcc/x86_64-unknown-linux-gnu/4.9.1/crtbegin.o] ==> ignore
    arg [-L/usr/bin/../lib64/gcc/x86_64-unknown-linux-gnu/4.9.1] ==> dir [/usr/bin/../lib64/gcc/x86_64-unknown-linux-gnu/4.9.1]
    arg [-L/usr/bin/../lib64/gcc/x86_64-unknown-linux-gnu/4.9.1/../../../../lib64] ==> dir [/usr/bin/../lib64/gcc/x86_64-unknown-linux-gnu/4.9.1/../../../../lib64]
    arg [-L/lib/../lib64] ==> dir [/lib/../lib64]
    arg [-L/usr/lib/../lib64] ==> dir [/usr/lib/../lib64]
    arg [-L/usr/bin/../lib64/gcc/x86_64-unknown-linux-gnu/4.9.1/../../..] ==> dir [/usr/bin/../lib64/gcc/x86_64-unknown-linux-gnu/4.9.1/../../..]
    arg [-L/lib] ==> dir [/lib]
    arg [-L/usr/lib] ==> dir [/usr/lib]
    arg [CMakeFiles/cmTryCompileExec3256882179.dir/CMakeCXXCompilerABI.cpp.o] ==> ignore
    arg [-lstdc++] ==> lib [stdc++]
    arg [-lm] ==> lib [m]
    arg [-lgcc_s] ==> lib [gcc_s]
    arg [-lgcc] ==> lib [gcc]
    arg [-lc] ==> lib [c]
    arg [-lgcc_s] ==> lib [gcc_s]
    arg [-lgcc] ==> lib [gcc]
    arg [/usr/bin/../lib64/gcc/x86_64-unknown-linux-gnu/4.9.1/crtend.o] ==> ignore
    arg [/usr/bin/../lib64/gcc/x86_64-unknown-linux-gnu/4.9.1/../../../../lib64/crtn.o] ==> ignore
  remove lib [gcc_s]
  remove lib [gcc]
  remove lib [gcc_s]
  remove lib [gcc]
  collapse library dir [/usr/bin/../lib64/gcc/x86_64-unknown-linux-gnu/4.9.1] ==> [/usr/lib64/gcc/x86_64-unknown-linux-gnu/4.9.1]
  collapse library dir [/usr/bin/../lib64/gcc/x86_64-unknown-linux-gnu/4.9.1/../../../../lib64] ==> [/usr/lib64]
  collapse library dir [/lib/../lib64] ==> [/lib64]
  collapse library dir [/usr/lib/../lib64] ==> [/usr/lib64]
  collapse library dir [/usr/bin/../lib64/gcc/x86_64-unknown-linux-gnu/4.9.1/../../..] ==> [/usr/lib64]
  collapse library dir [/lib] ==> [/lib]
  collapse library dir [/usr/lib] ==> [/usr/lib]
  implicit libs: [stdc++;m;c]
  implicit dirs: [/usr/lib64/gcc/x86_64-unknown-linux-gnu/4.9.1;/usr/lib64;/lib64;/lib;/usr/lib]
  implicit fwks: []


